<?xml version="1.0" encoding="UTF-8"?>
<testsuite name="com.crowdshield.stampede.domain.RiskCalculatorTest" tests="3" skipped="0" failures="0" errors="0" timestamp="2026-08-10T17:39:34.183Z" hostname="NEVERMIND" time="0.017">
  <properties/>
  <testcase name="test safe conditions" classname="com.crowdshield.stampede.domain.RiskCalculatorTest" time="0.007"/>
  <testcase name="test high risk conditions" classname="com.crowdshield.stampede.domain.RiskCalculatorTest" time="0.001"/>
  <testcase name="test caution conditions" classname="com.crowdshield.stampede.domain.RiskCalculatorTest" time="0.0"/>
  <system-out><![CDATA[]]></system-out>
  <system-err><![CDATA[]]></system-err>
</testsuite>
